빌드 시작: 2013-10-25 오전 2:42:36
     1>2 노드의 "C:\Users\Cloto\Documents\GitHub\batwing\NameRunner\NameRunner\proj.win32\NameRunner.win32.vcxproj" 프로젝트(Build 대상)입니다.
     1>Link:
         C:\Program Files (x86)\Microsoft Visual Studio 11.0\VC\bin\link.exe /ERRORREPORT:PROMPT /OUT:"C:\cocos2d-x\Debug.win32\NameRunner.win32.exe" /INCREMENTAL /NOLOGO /LIBPATH:"C:\cocos2d-x\Debug.win32\\" libcocos2d.lib opengl32.lib glew32.lib libCocosDenshion.lib kernel32.lib user32.lib gdi32.lib winspool.lib comdlg32.lib advapi32.lib shell32.lib ole32.lib oleaut32.lib uuid.lib odbc32.lib odbccp32.lib /MANIFEST /MANIFESTUAC:"level='asInvoker' uiAccess='false'" /manifest:embed /DEBUG /PDB:"C:\cocos2d-x\Debug.win32\NameRunner.win32.pdb" /SUBSYSTEM:WINDOWS /TLBID:1 /DYNAMICBASE /NXCOMPAT /IMPLIB:"C:\cocos2d-x\Debug.win32\NameRunner.win32.lib" /MACHINE:X86 Debug.win32\NameRunner.res
         Debug.win32\AppDelegate.obj
         Debug.win32\GameScene.obj
         Debug.win32\Character.obj
         Debug.win32\GameSelectScene.obj
         Debug.win32\itemManager.obj
         Debug.win32\main.obj
         Debug.win32\MainmenuScene.obj
         Debug.win32\Map.obj
         Debug.win32\OptionScene.obj
         Debug.win32\RankScene.obj
         Debug.win32\Score.obj
         Debug.win32\StrategyOfficeScene.obj
         NameRunner.win32.vcxproj -> C:\cocos2d-x\Debug.win32\NameRunner.win32.exe
     1>"C:\Users\Cloto\Documents\GitHub\batwing\NameRunner\NameRunner\proj.win32\NameRunner.win32.vcxproj" 프로젝트를 빌드했습니다(Build 대상).

빌드했습니다.

경과 시간: 00:00:00.31
