C:\USERS\CLOTO\DESKTOP\BATWING\NAMERUNNER\NAMERUNNER\PROJ.WIN32\DEBUG.WIN32\APPDELEGATE.OBJ
C:\USERS\CLOTO\DESKTOP\BATWING\NAMERUNNER\NAMERUNNER\PROJ.WIN32\DEBUG.WIN32\GAMESCENE.OBJ
C:\USERS\CLOTO\DESKTOP\BATWING\NAMERUNNER\NAMERUNNER\PROJ.WIN32\DEBUG.WIN32\CHARACTER.OBJ
C:\USERS\CLOTO\DESKTOP\BATWING\NAMERUNNER\NAMERUNNER\PROJ.WIN32\DEBUG.WIN32\ITEMMANAGER.OBJ
C:\USERS\CLOTO\DESKTOP\BATWING\NAMERUNNER\NAMERUNNER\PROJ.WIN32\DEBUG.WIN32\MAIN.OBJ
C:\USERS\CLOTO\DESKTOP\BATWING\NAMERUNNER\NAMERUNNER\PROJ.WIN32\DEBUG.WIN32\MAINMENUSCENE.OBJ
C:\USERS\CLOTO\DESKTOP\BATWING\NAMERUNNER\NAMERUNNER\PROJ.WIN32\DEBUG.WIN32\MAP.OBJ
C:\USERS\CLOTO\DESKTOP\BATWING\NAMERUNNER\NAMERUNNER\PROJ.WIN32\DEBUG.WIN32\SCORE.OBJ
C:\USERS\CLOTO\DESKTOP\BATWING\NAMERUNNER\NAMERUNNER\PROJ.WIN32\DEBUG.WIN32\VC110.PDB
C:\COCOS2D-X\DEBUG.WIN32\NAMERUNNER.WIN32.ILK
C:\COCOS2D-X\DEBUG.WIN32\NAMERUNNER.WIN32.EXE
C:\COCOS2D-X\DEBUG.WIN32\NAMERUNNER.WIN32.PDB
C:\USERS\CLOTO\DESKTOP\BATWING\NAMERUNNER\NAMERUNNER\PROJ.WIN32\DEBUG.WIN32\NAMERUNNER.RES
C:\Users\Cloto\Desktop\batwing\NameRunner\NameRunner\proj.win32\Debug.win32\AppDelegate.obj
C:\Users\Cloto\Desktop\batwing\NameRunner\NameRunner\proj.win32\Debug.win32\Character.obj
C:\Users\Cloto\Desktop\batwing\NameRunner\NameRunner\proj.win32\Debug.win32\GameScene.obj
C:\Users\Cloto\Desktop\batwing\NameRunner\NameRunner\proj.win32\Debug.win32\itemManager.obj
C:\Users\Cloto\Desktop\batwing\NameRunner\NameRunner\proj.win32\Debug.win32\main.obj
C:\Users\Cloto\Desktop\batwing\NameRunner\NameRunner\proj.win32\Debug.win32\MainmenuScene.obj
C:\Users\Cloto\Desktop\batwing\NameRunner\NameRunner\proj.win32\Debug.win32\Map.obj
C:\Users\Cloto\Desktop\batwing\NameRunner\NameRunner\proj.win32\Debug.win32\Score.obj
C:\Users\Cloto\Desktop\batwing\NameRunner\NameRunner\proj.win32\Debug.win32\cl.command.1.tlog
C:\Users\Cloto\Desktop\batwing\NameRunner\NameRunner\proj.win32\Debug.win32\CL.read.1.tlog
C:\Users\Cloto\Desktop\batwing\NameRunner\NameRunner\proj.win32\Debug.win32\CL.write.1.tlog
C:\Users\Cloto\Desktop\batwing\NameRunner\NameRunner\proj.win32\Debug.win32\link-cvtres.read.1.tlog
C:\Users\Cloto\Desktop\batwing\NameRunner\NameRunner\proj.win32\Debug.win32\link-cvtres.write.1.tlog
C:\Users\Cloto\Desktop\batwing\NameRunner\NameRunner\proj.win32\Debug.win32\link-rc.read.1.tlog
C:\Users\Cloto\Desktop\batwing\NameRunner\NameRunner\proj.win32\Debug.win32\link-rc.write.1.tlog
C:\Users\Cloto\Desktop\batwing\NameRunner\NameRunner\proj.win32\Debug.win32\link.command.1.tlog
C:\Users\Cloto\Desktop\batwing\NameRunner\NameRunner\proj.win32\Debug.win32\link.read.1.tlog
C:\Users\Cloto\Desktop\batwing\NameRunner\NameRunner\proj.win32\Debug.win32\link.write.1.tlog
C:\Users\Cloto\Desktop\batwing\NameRunner\NameRunner\proj.win32\Debug.win32\rc.command.1.tlog
C:\Users\Cloto\Desktop\batwing\NameRunner\NameRunner\proj.win32\Debug.win32\rc.read.1.tlog
C:\Users\Cloto\Desktop\batwing\NameRunner\NameRunner\proj.win32\Debug.win32\rc.write.1.tlog
C:\Users\Cloto\Desktop\batwing\NameRunner\NameRunner\proj.win32\Debug.win32\NameRunner.res
C:\Users\Cloto\Desktop\batwing\NameRunner\NameRunner\proj.win32\Debug.win32\vc110.idb
C:\Users\Cloto\Desktop\batwing\NameRunner\NameRunner\proj.win32\Debug.win32\vc110.pdb
C:\cocos2d-x\Debug.win32\NameRunner.win32.pdb
C:\cocos2d-x\Debug.win32\NameRunner.win32.exe
C:\cocos2d-x\Debug.win32\NameRunner.win32.ilk
